[23-Sep-2019 14:44:38 Asia/Shanghai] PHP Fatal error:  Uncaught think\exception\ErrorException: error_log(/usr/share/nginx/html/test_gitlab/runtime/log/201909/23.log): failed to open stream: Permission denied in /usr/share/nginx/html/tp_framework/library/think/log/driver/File.php:122
Stack trace:
#0 [internal function]: think\Error::appError(2, 'error_log(/usr/...', '/usr/share/ngin...', 122, Array)
#1 /usr/share/nginx/html/tp_framework/library/think/log/driver/File.php(122): error_log('---------------...', 3, '/usr/share/ngin...')
#2 /usr/share/nginx/html/tp_framework/library/think/log/driver/File.php(86): think\log\driver\File->write('---------------...', '/usr/share/ngin...', false, true)
#3 /usr/share/nginx/html/tp_framework/library/think/Log.php(224): think\log\driver\File->save(Array, true)
#4 /usr/share/nginx/html/tp_framework/library/think/Error.php(94): think\Log->save()
#5 [internal function]: think\Error::appShutdown()
#6 {main}
  thrown in /usr/share/nginx/html/tp_framework/library/think/log/driver/File.php on line 122
[23-Sep-2019 15:19:48 Asia/Shanghai] PHP Fatal error:  Class 'tests\TestCase' not found in /usr/share/nginx/html/test_gitlab/tests/IndexTest.php on line 3
[23-Sep-2019 15:25:06 Asia/Shanghai] PHP Fatal error:  Class 'tests\TestCase' not found in /usr/share/nginx/html/test_gitlab/tests/IndexTest.php on line 4
[23-Sep-2019 15:32:59 Asia/Shanghai] PHP Fatal error:  Class 'tests\TestCase' not found in /usr/share/nginx/html/test_gitlab/tests/IndexTest.php on line 4
[23-Sep-2019 15:34:20 Asia/Shanghai] PHP Fatal error:  Class 'tests\TestCase' not found in /usr/share/nginx/html/test_gitlab/tests/IndexTest.php on line 4
[23-Sep-2019 15:36:03 Asia/Shanghai] PHP Fatal error:  Class 'tests\TestCase' not found in /usr/share/nginx/html/test_gitlab/tests/IndexTest.php on line 4
[09-Oct-2019 03:05:28 UTC] PHP Notice:  Undefined index: statuses in /usr/share/nginx/html/test_gitlab/weibolist.php on line 40
[09-Oct-2019 03:19:30 UTC] PHP Notice:  Undefined index: screen_name in /usr/share/nginx/html/test_gitlab/weibolist.php on line 45
[09-Oct-2019 03:19:30 UTC] PHP Notice:  Undefined index: screen_name in /usr/share/nginx/html/test_gitlab/weibolist.php on line 45
[09-Oct-2019 03:19:30 UTC] PHP Notice:  Undefined index: screen_name in /usr/share/nginx/html/test_gitlab/weibolist.php on line 45
[09-Oct-2019 03:19:30 UTC] PHP Notice:  Undefined index: screen_name in /usr/share/nginx/html/test_gitlab/weibolist.php on line 45
[09-Oct-2019 03:19:30 UTC] PHP Notice:  Undefined index: screen_name in /usr/share/nginx/html/test_gitlab/weibolist.php on line 45
[09-Oct-2019 03:19:30 UTC] PHP Notice:  Undefined index: screen_name in /usr/share/nginx/html/test_gitlab/weibolist.php on line 45
[09-Oct-2019 03:19:30 UTC] PHP Notice:  Undefined index: screen_name in /usr/share/nginx/html/test_gitlab/weibolist.php on line 45
[09-Oct-2019 03:19:30 UTC] PHP Notice:  Undefined index: screen_name in /usr/share/nginx/html/test_gitlab/weibolist.php on line 45
[09-Oct-2019 03:19:30 UTC] PHP Notice:  Undefined index: screen_name in /usr/share/nginx/html/test_gitlab/weibolist.php on line 45
[09-Oct-2019 03:19:30 UTC] PHP Notice:  Undefined index: screen_name in /usr/share/nginx/html/test_gitlab/weibolist.php on line 45
[09-Oct-2019 03:19:30 UTC] PHP Notice:  Undefined index: screen_name in /usr/share/nginx/html/test_gitlab/weibolist.php on line 45
[09-Oct-2019 03:19:30 UTC] PHP Notice:  Undefined index: screen_name in /usr/share/nginx/html/test_gitlab/weibolist.php on line 45
[09-Oct-2019 03:19:30 UTC] PHP Notice:  Undefined index: screen_name in /usr/share/nginx/html/test_gitlab/weibolist.php on line 45
[09-Oct-2019 03:19:30 UTC] PHP Notice:  Undefined index: screen_name in /usr/share/nginx/html/test_gitlab/weibolist.php on line 45
[09-Oct-2019 03:19:30 UTC] PHP Notice:  Undefined index: screen_name in /usr/share/nginx/html/test_gitlab/weibolist.php on line 45
[09-Oct-2019 03:19:30 UTC] PHP Notice:  Undefined index: screen_name in /usr/share/nginx/html/test_gitlab/weibolist.php on line 45
[09-Oct-2019 03:19:30 UTC] PHP Notice:  Undefined index: screen_name in /usr/share/nginx/html/test_gitlab/weibolist.php on line 45
[09-Oct-2019 03:19:30 UTC] PHP Notice:  Undefined index: screen_name in /usr/share/nginx/html/test_gitlab/weibolist.php on line 45
[09-Oct-2019 03:19:30 UTC] PHP Notice:  Undefined index: screen_name in /usr/share/nginx/html/test_gitlab/weibolist.php on line 45
[09-Oct-2019 03:19:30 UTC] PHP Notice:  Undefined index: screen_name in /usr/share/nginx/html/test_gitlab/weibolist.php on line 45
[09-Oct-2019 03:19:30 UTC] PHP Notice:  Undefined index: screen_name in /usr/share/nginx/html/test_gitlab/weibolist.php on line 45
[09-Oct-2019 03:19:30 UTC] PHP Notice:  Undefined index: screen_name in /usr/share/nginx/html/test_gitlab/weibolist.php on line 45
[09-Oct-2019 03:19:30 UTC] PHP Notice:  Undefined index: screen_name in /usr/share/nginx/html/test_gitlab/weibolist.php on line 45
[09-Oct-2019 03:19:30 UTC] PHP Notice:  Undefined index: screen_name in /usr/share/nginx/html/test_gitlab/weibolist.php on line 45
[09-Oct-2019 03:19:30 UTC] PHP Notice:  Undefined index: screen_name in /usr/share/nginx/html/test_gitlab/weibolist.php on line 45
[09-Oct-2019 03:19:30 UTC] PHP Notice:  Undefined index: screen_name in /usr/share/nginx/html/test_gitlab/weibolist.php on line 45
[09-Oct-2019 03:19:30 UTC] PHP Notice:  Undefined index: screen_name in /usr/share/nginx/html/test_gitlab/weibolist.php on line 45
[09-Oct-2019 03:19:30 UTC] PHP Notice:  Undefined index: screen_name in /usr/share/nginx/html/test_gitlab/weibolist.php on line 45
[09-Oct-2019 03:19:30 UTC] PHP Notice:  Undefined index: screen_name in /usr/share/nginx/html/test_gitlab/weibolist.php on line 45
[09-Oct-2019 03:19:30 UTC] PHP Notice:  Undefined index: screen_name in /usr/share/nginx/html/test_gitlab/weibolist.php on line 45
[09-Oct-2019 03:19:30 UTC] PHP Notice:  Undefined index: screen_name in /usr/share/nginx/html/test_gitlab/weibolist.php on line 45
[09-Oct-2019 03:19:30 UTC] PHP Notice:  Undefined index: screen_name in /usr/share/nginx/html/test_gitlab/weibolist.php on line 45
[09-Oct-2019 03:19:30 UTC] PHP Notice:  Undefined index: screen_name in /usr/share/nginx/html/test_gitlab/weibolist.php on line 45
[09-Oct-2019 03:19:30 UTC] PHP Notice:  Undefined index: screen_name in /usr/share/nginx/html/test_gitlab/weibolist.php on line 45
[09-Oct-2019 03:19:30 UTC] PHP Notice:  Undefined index: screen_name in /usr/share/nginx/html/test_gitlab/weibolist.php on line 45
[09-Oct-2019 03:19:30 UTC] PHP Notice:  Undefined index: screen_name in /usr/share/nginx/html/test_gitlab/weibolist.php on line 45
[09-Oct-2019 03:19:30 UTC] PHP Notice:  Undefined index: screen_name in /usr/share/nginx/html/test_gitlab/weibolist.php on line 45
[09-Oct-2019 03:19:30 UTC] PHP Notice:  Undefined index: screen_name in /usr/share/nginx/html/test_gitlab/weibolist.php on line 45
[09-Oct-2019 03:19:30 UTC] PHP Notice:  Undefined index: screen_name in /usr/share/nginx/html/test_gitlab/weibolist.php on line 45
[09-Oct-2019 03:19:30 UTC] PHP Notice:  Undefined index: screen_name in /usr/share/nginx/html/test_gitlab/weibolist.php on line 45
[09-Oct-2019 03:19:30 UTC] PHP Notice:  Undefined index: screen_name in /usr/share/nginx/html/test_gitlab/weibolist.php on line 45
[09-Oct-2019 03:19:30 UTC] PHP Notice:  Undefined index: screen_name in /usr/share/nginx/html/test_gitlab/weibolist.php on line 45
[09-Oct-2019 03:19:30 UTC] PHP Notice:  Undefined index: screen_name in /usr/share/nginx/html/test_gitlab/weibolist.php on line 45
[09-Oct-2019 03:19:30 UTC] PHP Notice:  Undefined index: screen_name in /usr/share/nginx/html/test_gitlab/weibolist.php on line 45
[09-Oct-2019 03:19:30 UTC] PHP Notice:  Undefined index: screen_name in /usr/share/nginx/html/test_gitlab/weibolist.php on line 45
[09-Oct-2019 03:19:30 UTC] PHP Notice:  Undefined index: screen_name in /usr/share/nginx/html/test_gitlab/weibolist.php on line 45
[09-Oct-2019 03:19:30 UTC] PHP Notice:  Undefined index: screen_name in /usr/share/nginx/html/test_gitlab/weibolist.php on line 45
[09-Oct-2019 03:19:30 UTC] PHP Notice:  Undefined index: screen_name in /usr/share/nginx/html/test_gitlab/weibolist.php on line 45
[09-Oct-2019 03:19:30 UTC] PHP Notice:  Undefined index: screen_name in /usr/share/nginx/html/test_gitlab/weibolist.php on line 45
[09-Oct-2019 03:25:06 UTC] PHP Notice:  Undefined index: retweeted_status in /usr/share/nginx/html/test_gitlab/weibolist.php on line 23
[09-Oct-2019 03:25:52 UTC] PHP Notice:  Undefined index: retweeted_status in /usr/share/nginx/html/test_gitlab/weibolist.php on line 49
[09-Oct-2019 03:27:19 UTC] PHP Notice:  Undefined index: retweeted_status in /usr/share/nginx/html/test_gitlab/weibolist.php on line 49
[09-Oct-2019 03:27:19 UTC] PHP Notice:  Undefined index: retweeted_status in /usr/share/nginx/html/test_gitlab/weibolist.php on line 49
[09-Oct-2019 03:27:19 UTC] PHP Notice:  Undefined index: retweeted_status in /usr/share/nginx/html/test_gitlab/weibolist.php on line 49
[09-Oct-2019 03:27:19 UTC] PHP Notice:  Undefined index: retweeted_status in /usr/share/nginx/html/test_gitlab/weibolist.php on line 49
[09-Oct-2019 03:27:19 UTC] PHP Notice:  Undefined index: retweeted_status in /usr/share/nginx/html/test_gitlab/weibolist.php on line 49
[09-Oct-2019 03:27:19 UTC] PHP Notice:  Undefined index: retweeted_status in /usr/share/nginx/html/test_gitlab/weibolist.php on line 49
[09-Oct-2019 03:27:19 UTC] PHP Notice:  Undefined index: retweeted_status in /usr/share/nginx/html/test_gitlab/weibolist.php on line 49
[09-Oct-2019 03:27:19 UTC] PHP Notice:  Undefined index: retweeted_status in /usr/share/nginx/html/test_gitlab/weibolist.php on line 49
[09-Oct-2019 03:27:19 UTC] PHP Notice:  Undefined index: retweeted_status in /usr/share/nginx/html/test_gitlab/weibolist.php on line 49
[09-Oct-2019 03:27:19 UTC] PHP Notice:  Undefined index: retweeted_status in /usr/share/nginx/html/test_gitlab/weibolist.php on line 49
[09-Oct-2019 03:27:19 UTC] PHP Notice:  Undefined index: retweeted_status in /usr/share/nginx/html/test_gitlab/weibolist.php on line 49
[09-Oct-2019 03:27:19 UTC] PHP Notice:  Undefined index: retweeted_status in /usr/share/nginx/html/test_gitlab/weibolist.php on line 49
[09-Oct-2019 03:27:19 UTC] PHP Notice:  Undefined index: retweeted_status in /usr/share/nginx/html/test_gitlab/weibolist.php on line 49
[09-Oct-2019 03:27:19 UTC] PHP Notice:  Undefined index: retweeted_status in /usr/share/nginx/html/test_gitlab/weibolist.php on line 49
[09-Oct-2019 03:27:19 UTC] PHP Notice:  Undefined index: retweeted_status in /usr/share/nginx/html/test_gitlab/weibolist.php on line 49
[09-Oct-2019 03:27:19 UTC] PHP Notice:  Undefined index: retweeted_status in /usr/share/nginx/html/test_gitlab/weibolist.php on line 49
[09-Oct-2019 03:27:19 UTC] PHP Notice:  Undefined index: retweeted_status in /usr/share/nginx/html/test_gitlab/weibolist.php on line 49
[09-Oct-2019 03:27:19 UTC] PHP Notice:  Undefined index: retweeted_status in /usr/share/nginx/html/test_gitlab/weibolist.php on line 49
[09-Oct-2019 03:27:19 UTC] PHP Notice:  Undefined index: retweeted_status in /usr/share/nginx/html/test_gitlab/weibolist.php on line 49
[09-Oct-2019 03:27:19 UTC] PHP Notice:  Undefined index: retweeted_status in /usr/share/nginx/html/test_gitlab/weibolist.php on line 49
[09-Oct-2019 03:27:19 UTC] PHP Notice:  Undefined index: retweeted_status in /usr/share/nginx/html/test_gitlab/weibolist.php on line 49
[09-Oct-2019 03:27:19 UTC] PHP Notice:  Undefined index: retweeted_status in /usr/share/nginx/html/test_gitlab/weibolist.php on line 49
[09-Oct-2019 03:27:19 UTC] PHP Notice:  Undefined index: retweeted_status in /usr/share/nginx/html/test_gitlab/weibolist.php on line 49
[09-Oct-2019 03:27:19 UTC] PHP Notice:  Undefined index: retweeted_status in /usr/share/nginx/html/test_gitlab/weibolist.php on line 49
[09-Oct-2019 03:27:19 UTC] PHP Notice:  Undefined index: retweeted_status in /usr/share/nginx/html/test_gitlab/weibolist.php on line 49
[09-Oct-2019 03:27:19 UTC] PHP Notice:  Undefined index: retweeted_status in /usr/share/nginx/html/test_gitlab/weibolist.php on line 49
[09-Oct-2019 03:27:19 UTC] PHP Notice:  Undefined index: retweeted_status in /usr/share/nginx/html/test_gitlab/weibolist.php on line 49
[09-Oct-2019 03:27:19 UTC] PHP Notice:  Undefined index: retweeted_status in /usr/share/nginx/html/test_gitlab/weibolist.php on line 49
[09-Oct-2019 03:27:19 UTC] PHP Notice:  Undefined index: retweeted_status in /usr/share/nginx/html/test_gitlab/weibolist.php on line 49
[09-Oct-2019 03:27:19 UTC] PHP Notice:  Undefined index: retweeted_status in /usr/share/nginx/html/test_gitlab/weibolist.php on line 49
[09-Oct-2019 03:27:19 UTC] PHP Notice:  Undefined index: retweeted_status in /usr/share/nginx/html/test_gitlab/weibolist.php on line 49
[09-Oct-2019 03:27:19 UTC] PHP Notice:  Undefined index: retweeted_status in /usr/share/nginx/html/test_gitlab/weibolist.php on line 49
[09-Oct-2019 03:27:19 UTC] PHP Notice:  Undefined index: retweeted_status in /usr/share/nginx/html/test_gitlab/weibolist.php on line 49
[09-Oct-2019 03:27:19 UTC] PHP Notice:  Undefined index: retweeted_status in /usr/share/nginx/html/test_gitlab/weibolist.php on line 49
[09-Oct-2019 03:27:19 UTC] PHP Notice:  Undefined index: retweeted_status in /usr/share/nginx/html/test_gitlab/weibolist.php on line 49
[09-Oct-2019 03:27:19 UTC] PHP Notice:  Undefined index: retweeted_status in /usr/share/nginx/html/test_gitlab/weibolist.php on line 49
[09-Oct-2019 03:27:19 UTC] PHP Notice:  Undefined index: retweeted_status in /usr/share/nginx/html/test_gitlab/weibolist.php on line 49
[09-Oct-2019 03:27:19 UTC] PHP Notice:  Undefined index: retweeted_status in /usr/share/nginx/html/test_gitlab/weibolist.php on line 49
[09-Oct-2019 03:27:19 UTC] PHP Notice:  Undefined index: retweeted_status in /usr/share/nginx/html/test_gitlab/weibolist.php on line 49
[09-Oct-2019 06:45:47 UTC] PHP Notice:  Undefined index: statuses in /usr/share/nginx/html/test_gitlab/weibolist.php on line 40
[11-Oct-2019 05:39:27 UTC] PHP Fatal error:  Uncaught ErrorException: file_put_contents(/usr/share/nginx/html/test_gitlab/storage/framework/views/e52999ea4ce6327b9614918e4c10bc96b8ae074d.php): failed to open stream: Permission denied in /usr/share/nginx/html/test_gitlab/vendor/laravel/framework/src/Illuminate/Filesystem/Filesystem.php:122
Stack trace:
#0 [internal function]: Illuminate\Foundation\Bootstrap\HandleExceptions->handleError(2, 'file_put_conten...', '/usr/share/ngin...', 122, Array)
#1 /usr/share/nginx/html/test_gitlab/vendor/laravel/framework/src/Illuminate/Filesystem/Filesystem.php(122): file_put_contents('/usr/share/ngin...', '<?php $__env->s...', 0)
#2 /usr/share/nginx/html/test_gitlab/vendor/laravel/framework/src/Illuminate/View/Compilers/BladeCompiler.php(140): Illuminate\Filesystem\Filesystem->put('/usr/share/ngin...', '<?php $__env->s...')
#3 /usr/share/nginx/html/test_gitlab/vendor/laravel/framework/src/Illuminate/View/Engines/CompilerEngine.php(51): Illuminate\View\Compilers\BladeCompiler->compile('/usr/share/ngin...')
#4 /usr/share in /usr/share/nginx/html/test_gitlab/vendor/laravel/framework/src/Illuminate/Filesystem/Filesystem.php on line 122
[11-Oct-2019 05:39:27 UTC] PHP Fatal error:  Uncaught ErrorException: file_put_contents(/usr/share/nginx/html/test_gitlab/storage/framework/views/e52999ea4ce6327b9614918e4c10bc96b8ae074d.php): failed to open stream: Permission denied in /usr/share/nginx/html/test_gitlab/vendor/laravel/framework/src/Illuminate/Filesystem/Filesystem.php:122
Stack trace:
#0 [internal function]: Illuminate\Foundation\Bootstrap\HandleExceptions->handleError(2, 'file_put_conten...', '/usr/share/ngin...', 122, Array)
#1 /usr/share/nginx/html/test_gitlab/vendor/laravel/framework/src/Illuminate/Filesystem/Filesystem.php(122): file_put_contents('/usr/share/ngin...', '<?php $__env->s...', 0)
#2 /usr/share/nginx/html/test_gitlab/vendor/laravel/framework/src/Illuminate/View/Compilers/BladeCompiler.php(140): Illuminate\Filesystem\Filesystem->put('/usr/share/ngin...', '<?php $__env->s...')
#3 /usr/share/nginx/html/test_gitlab/vendor/laravel/framework/src/Illuminate/View/Engines/CompilerEngine.php(51): Illuminate\View\Compilers\BladeCompiler->compile('/usr/share/ngin...')
#4 /usr/share in /usr/share/nginx/html/test_gitlab/vendor/laravel/framework/src/Illuminate/Filesystem/Filesystem.php on line 122
[11-Oct-2019 05:39:43 UTC] PHP Fatal error:  Uncaught ErrorException: file_put_contents(/usr/share/nginx/html/test_gitlab/storage/framework/views/e52999ea4ce6327b9614918e4c10bc96b8ae074d.php): failed to open stream: Permission denied in /usr/share/nginx/html/test_gitlab/vendor/laravel/framework/src/Illuminate/Filesystem/Filesystem.php:122
Stack trace:
#0 [internal function]: Illuminate\Foundation\Bootstrap\HandleExceptions->handleError(2, 'file_put_conten...', '/usr/share/ngin...', 122, Array)
#1 /usr/share/nginx/html/test_gitlab/vendor/laravel/framework/src/Illuminate/Filesystem/Filesystem.php(122): file_put_contents('/usr/share/ngin...', '<?php $__env->s...', 0)
#2 /usr/share/nginx/html/test_gitlab/vendor/laravel/framework/src/Illuminate/View/Compilers/BladeCompiler.php(140): Illuminate\Filesystem\Filesystem->put('/usr/share/ngin...', '<?php $__env->s...')
#3 /usr/share/nginx/html/test_gitlab/vendor/laravel/framework/src/Illuminate/View/Engines/CompilerEngine.php(51): Illuminate\View\Compilers\BladeCompiler->compile('/usr/share/ngin...')
#4 /usr/share in /usr/share/nginx/html/test_gitlab/vendor/laravel/framework/src/Illuminate/Filesystem/Filesystem.php on line 122
[11-Oct-2019 05:39:43 UTC] PHP Fatal error:  Uncaught ErrorException: file_put_contents(/usr/share/nginx/html/test_gitlab/storage/framework/views/e52999ea4ce6327b9614918e4c10bc96b8ae074d.php): failed to open stream: Permission denied in /usr/share/nginx/html/test_gitlab/vendor/laravel/framework/src/Illuminate/Filesystem/Filesystem.php:122
Stack trace:
#0 [internal function]: Illuminate\Foundation\Bootstrap\HandleExceptions->handleError(2, 'file_put_conten...', '/usr/share/ngin...', 122, Array)
#1 /usr/share/nginx/html/test_gitlab/vendor/laravel/framework/src/Illuminate/Filesystem/Filesystem.php(122): file_put_contents('/usr/share/ngin...', '<?php $__env->s...', 0)
#2 /usr/share/nginx/html/test_gitlab/vendor/laravel/framework/src/Illuminate/View/Compilers/BladeCompiler.php(140): Illuminate\Filesystem\Filesystem->put('/usr/share/ngin...', '<?php $__env->s...')
#3 /usr/share/nginx/html/test_gitlab/vendor/laravel/framework/src/Illuminate/View/Engines/CompilerEngine.php(51): Illuminate\View\Compilers\BladeCompiler->compile('/usr/share/ngin...')
#4 /usr/share in /usr/share/nginx/html/test_gitlab/vendor/laravel/framework/src/Illuminate/Filesystem/Filesystem.php on line 122
[11-Oct-2019 05:39:44 UTC] PHP Fatal error:  Uncaught ErrorException: file_put_contents(/usr/share/nginx/html/test_gitlab/storage/framework/views/e52999ea4ce6327b9614918e4c10bc96b8ae074d.php): failed to open stream: Permission denied in /usr/share/nginx/html/test_gitlab/vendor/laravel/framework/src/Illuminate/Filesystem/Filesystem.php:122
Stack trace:
#0 [internal function]: Illuminate\Foundation\Bootstrap\HandleExceptions->handleError(2, 'file_put_conten...', '/usr/share/ngin...', 122, Array)
#1 /usr/share/nginx/html/test_gitlab/vendor/laravel/framework/src/Illuminate/Filesystem/Filesystem.php(122): file_put_contents('/usr/share/ngin...', '<?php $__env->s...', 0)
#2 /usr/share/nginx/html/test_gitlab/vendor/laravel/framework/src/Illuminate/View/Compilers/BladeCompiler.php(140): Illuminate\Filesystem\Filesystem->put('/usr/share/ngin...', '<?php $__env->s...')
#3 /usr/share/nginx/html/test_gitlab/vendor/laravel/framework/src/Illuminate/View/Engines/CompilerEngine.php(51): Illuminate\View\Compilers\BladeCompiler->compile('/usr/share/ngin...')
#4 /usr/share in /usr/share/nginx/html/test_gitlab/vendor/laravel/framework/src/Illuminate/Filesystem/Filesystem.php on line 122
[11-Oct-2019 05:39:44 UTC] PHP Fatal error:  Uncaught ErrorException: file_put_contents(/usr/share/nginx/html/test_gitlab/storage/framework/views/e52999ea4ce6327b9614918e4c10bc96b8ae074d.php): failed to open stream: Permission denied in /usr/share/nginx/html/test_gitlab/vendor/laravel/framework/src/Illuminate/Filesystem/Filesystem.php:122
Stack trace:
#0 [internal function]: Illuminate\Foundation\Bootstrap\HandleExceptions->handleError(2, 'file_put_conten...', '/usr/share/ngin...', 122, Array)
#1 /usr/share/nginx/html/test_gitlab/vendor/laravel/framework/src/Illuminate/Filesystem/Filesystem.php(122): file_put_contents('/usr/share/ngin...', '<?php $__env->s...', 0)
#2 /usr/share/nginx/html/test_gitlab/vendor/laravel/framework/src/Illuminate/View/Compilers/BladeCompiler.php(140): Illuminate\Filesystem\Filesystem->put('/usr/share/ngin...', '<?php $__env->s...')
#3 /usr/share/nginx/html/test_gitlab/vendor/laravel/framework/src/Illuminate/View/Engines/CompilerEngine.php(51): Illuminate\View\Compilers\BladeCompiler->compile('/usr/share/ngin...')
#4 /usr/share in /usr/share/nginx/html/test_gitlab/vendor/laravel/framework/src/Illuminate/Filesystem/Filesystem.php on line 122
[11-Oct-2019 05:39:46 UTC] PHP Fatal error:  Uncaught ErrorException: file_put_contents(/usr/share/nginx/html/test_gitlab/storage/framework/views/e52999ea4ce6327b9614918e4c10bc96b8ae074d.php): failed to open stream: Permission denied in /usr/share/nginx/html/test_gitlab/vendor/laravel/framework/src/Illuminate/Filesystem/Filesystem.php:122
Stack trace:
#0 [internal function]: Illuminate\Foundation\Bootstrap\HandleExceptions->handleError(2, 'file_put_conten...', '/usr/share/ngin...', 122, Array)
#1 /usr/share/nginx/html/test_gitlab/vendor/laravel/framework/src/Illuminate/Filesystem/Filesystem.php(122): file_put_contents('/usr/share/ngin...', '<?php $__env->s...', 0)
#2 /usr/share/nginx/html/test_gitlab/vendor/laravel/framework/src/Illuminate/View/Compilers/BladeCompiler.php(140): Illuminate\Filesystem\Filesystem->put('/usr/share/ngin...', '<?php $__env->s...')
#3 /usr/share/nginx/html/test_gitlab/vendor/laravel/framework/src/Illuminate/View/Engines/CompilerEngine.php(51): Illuminate\View\Compilers\BladeCompiler->compile('/usr/share/ngin...')
#4 /usr/share in /usr/share/nginx/html/test_gitlab/vendor/laravel/framework/src/Illuminate/Filesystem/Filesystem.php on line 122
[11-Oct-2019 05:39:46 UTC] PHP Fatal error:  Uncaught ErrorException: file_put_contents(/usr/share/nginx/html/test_gitlab/storage/framework/views/e52999ea4ce6327b9614918e4c10bc96b8ae074d.php): failed to open stream: Permission denied in /usr/share/nginx/html/test_gitlab/vendor/laravel/framework/src/Illuminate/Filesystem/Filesystem.php:122
Stack trace:
#0 [internal function]: Illuminate\Foundation\Bootstrap\HandleExceptions->handleError(2, 'file_put_conten...', '/usr/share/ngin...', 122, Array)
#1 /usr/share/nginx/html/test_gitlab/vendor/laravel/framework/src/Illuminate/Filesystem/Filesystem.php(122): file_put_contents('/usr/share/ngin...', '<?php $__env->s...', 0)
#2 /usr/share/nginx/html/test_gitlab/vendor/laravel/framework/src/Illuminate/View/Compilers/BladeCompiler.php(140): Illuminate\Filesystem\Filesystem->put('/usr/share/ngin...', '<?php $__env->s...')
#3 /usr/share/nginx/html/test_gitlab/vendor/laravel/framework/src/Illuminate/View/Engines/CompilerEngine.php(51): Illuminate\View\Compilers\BladeCompiler->compile('/usr/share/ngin...')
#4 /usr/share in /usr/share/nginx/html/test_gitlab/vendor/laravel/framework/src/Illuminate/Filesystem/Filesystem.php on line 122
[11-Oct-2019 05:39:47 UTC] PHP Fatal error:  Uncaught ErrorException: file_put_contents(/usr/share/nginx/html/test_gitlab/storage/framework/views/e52999ea4ce6327b9614918e4c10bc96b8ae074d.php): failed to open stream: Permission denied in /usr/share/nginx/html/test_gitlab/vendor/laravel/framework/src/Illuminate/Filesystem/Filesystem.php:122
Stack trace:
#0 [internal function]: Illuminate\Foundation\Bootstrap\HandleExceptions->handleError(2, 'file_put_conten...', '/usr/share/ngin...', 122, Array)
#1 /usr/share/nginx/html/test_gitlab/vendor/laravel/framework/src/Illuminate/Filesystem/Filesystem.php(122): file_put_contents('/usr/share/ngin...', '<?php $__env->s...', 0)
#2 /usr/share/nginx/html/test_gitlab/vendor/laravel/framework/src/Illuminate/View/Compilers/BladeCompiler.php(140): Illuminate\Filesystem\Filesystem->put('/usr/share/ngin...', '<?php $__env->s...')
#3 /usr/share/nginx/html/test_gitlab/vendor/laravel/framework/src/Illuminate/View/Engines/CompilerEngine.php(51): Illuminate\View\Compilers\BladeCompiler->compile('/usr/share/ngin...')
#4 /usr/share in /usr/share/nginx/html/test_gitlab/vendor/laravel/framework/src/Illuminate/Filesystem/Filesystem.php on line 122
[11-Oct-2019 05:39:47 UTC] PHP Fatal error:  Uncaught ErrorException: file_put_contents(/usr/share/nginx/html/test_gitlab/storage/framework/views/e52999ea4ce6327b9614918e4c10bc96b8ae074d.php): failed to open stream: Permission denied in /usr/share/nginx/html/test_gitlab/vendor/laravel/framework/src/Illuminate/Filesystem/Filesystem.php:122
Stack trace:
#0 [internal function]: Illuminate\Foundation\Bootstrap\HandleExceptions->handleError(2, 'file_put_conten...', '/usr/share/ngin...', 122, Array)
#1 /usr/share/nginx/html/test_gitlab/vendor/laravel/framework/src/Illuminate/Filesystem/Filesystem.php(122): file_put_contents('/usr/share/ngin...', '<?php $__env->s...', 0)
#2 /usr/share/nginx/html/test_gitlab/vendor/laravel/framework/src/Illuminate/View/Compilers/BladeCompiler.php(140): Illuminate\Filesystem\Filesystem->put('/usr/share/ngin...', '<?php $__env->s...')
#3 /usr/share/nginx/html/test_gitlab/vendor/laravel/framework/src/Illuminate/View/Engines/CompilerEngine.php(51): Illuminate\View\Compilers\BladeCompiler->compile('/usr/share/ngin...')
#4 /usr/share in /usr/share/nginx/html/test_gitlab/vendor/laravel/framework/src/Illuminate/Filesystem/Filesystem.php on line 122
[11-Oct-2019 05:39:49 UTC] PHP Fatal error:  Uncaught ErrorException: file_put_contents(/usr/share/nginx/html/test_gitlab/storage/framework/views/e52999ea4ce6327b9614918e4c10bc96b8ae074d.php): failed to open stream: Permission denied in /usr/share/nginx/html/test_gitlab/vendor/laravel/framework/src/Illuminate/Filesystem/Filesystem.php:122
Stack trace:
#0 [internal function]: Illuminate\Foundation\Bootstrap\HandleExceptions->handleError(2, 'file_put_conten...', '/usr/share/ngin...', 122, Array)
#1 /usr/share/nginx/html/test_gitlab/vendor/laravel/framework/src/Illuminate/Filesystem/Filesystem.php(122): file_put_contents('/usr/share/ngin...', '<?php $__env->s...', 0)
#2 /usr/share/nginx/html/test_gitlab/vendor/laravel/framework/src/Illuminate/View/Compilers/BladeCompiler.php(140): Illuminate\Filesystem\Filesystem->put('/usr/share/ngin...', '<?php $__env->s...')
#3 /usr/share/nginx/html/test_gitlab/vendor/laravel/framework/src/Illuminate/View/Engines/CompilerEngine.php(51): Illuminate\View\Compilers\BladeCompiler->compile('/usr/share/ngin...')
#4 /usr/share in /usr/share/nginx/html/test_gitlab/vendor/laravel/framework/src/Illuminate/Filesystem/Filesystem.php on line 122
[11-Oct-2019 05:39:49 UTC] PHP Fatal error:  Uncaught ErrorException: file_put_contents(/usr/share/nginx/html/test_gitlab/storage/framework/views/e52999ea4ce6327b9614918e4c10bc96b8ae074d.php): failed to open stream: Permission denied in /usr/share/nginx/html/test_gitlab/vendor/laravel/framework/src/Illuminate/Filesystem/Filesystem.php:122
Stack trace:
#0 [internal function]: Illuminate\Foundation\Bootstrap\HandleExceptions->handleError(2, 'file_put_conten...', '/usr/share/ngin...', 122, Array)
#1 /usr/share/nginx/html/test_gitlab/vendor/laravel/framework/src/Illuminate/Filesystem/Filesystem.php(122): file_put_contents('/usr/share/ngin...', '<?php $__env->s...', 0)
#2 /usr/share/nginx/html/test_gitlab/vendor/laravel/framework/src/Illuminate/View/Compilers/BladeCompiler.php(140): Illuminate\Filesystem\Filesystem->put('/usr/share/ngin...', '<?php $__env->s...')
#3 /usr/share/nginx/html/test_gitlab/vendor/laravel/framework/src/Illuminate/View/Engines/CompilerEngine.php(51): Illuminate\View\Compilers\BladeCompiler->compile('/usr/share/ngin...')
#4 /usr/share in /usr/share/nginx/html/test_gitlab/vendor/laravel/framework/src/Illuminate/Filesystem/Filesystem.php on line 122
[11-Oct-2019 05:39:50 UTC] PHP Fatal error:  Uncaught ErrorException: file_put_contents(/usr/share/nginx/html/test_gitlab/storage/framework/views/e52999ea4ce6327b9614918e4c10bc96b8ae074d.php): failed to open stream: Permission denied in /usr/share/nginx/html/test_gitlab/vendor/laravel/framework/src/Illuminate/Filesystem/Filesystem.php:122
Stack trace:
#0 [internal function]: Illuminate\Foundation\Bootstrap\HandleExceptions->handleError(2, 'file_put_conten...', '/usr/share/ngin...', 122, Array)
#1 /usr/share/nginx/html/test_gitlab/vendor/laravel/framework/src/Illuminate/Filesystem/Filesystem.php(122): file_put_contents('/usr/share/ngin...', '<?php $__env->s...', 0)
#2 /usr/share/nginx/html/test_gitlab/vendor/laravel/framework/src/Illuminate/View/Compilers/BladeCompiler.php(140): Illuminate\Filesystem\Filesystem->put('/usr/share/ngin...', '<?php $__env->s...')
#3 /usr/share/nginx/html/test_gitlab/vendor/laravel/framework/src/Illuminate/View/Engines/CompilerEngine.php(51): Illuminate\View\Compilers\BladeCompiler->compile('/usr/share/ngin...')
#4 /usr/share in /usr/share/nginx/html/test_gitlab/vendor/laravel/framework/src/Illuminate/Filesystem/Filesystem.php on line 122
[11-Oct-2019 05:39:50 UTC] PHP Fatal error:  Uncaught ErrorException: file_put_contents(/usr/share/nginx/html/test_gitlab/storage/framework/views/e52999ea4ce6327b9614918e4c10bc96b8ae074d.php): failed to open stream: Permission denied in /usr/share/nginx/html/test_gitlab/vendor/laravel/framework/src/Illuminate/Filesystem/Filesystem.php:122
Stack trace:
#0 [internal function]: Illuminate\Foundation\Bootstrap\HandleExceptions->handleError(2, 'file_put_conten...', '/usr/share/ngin...', 122, Array)
#1 /usr/share/nginx/html/test_gitlab/vendor/laravel/framework/src/Illuminate/Filesystem/Filesystem.php(122): file_put_contents('/usr/share/ngin...', '<?php $__env->s...', 0)
#2 /usr/share/nginx/html/test_gitlab/vendor/laravel/framework/src/Illuminate/View/Compilers/BladeCompiler.php(140): Illuminate\Filesystem\Filesystem->put('/usr/share/ngin...', '<?php $__env->s...')
#3 /usr/share/nginx/html/test_gitlab/vendor/laravel/framework/src/Illuminate/View/Engines/CompilerEngine.php(51): Illuminate\View\Compilers\BladeCompiler->compile('/usr/share/ngin...')
#4 /usr/share in /usr/share/nginx/html/test_gitlab/vendor/laravel/framework/src/Illuminate/Filesystem/Filesystem.php on line 122
[11-Oct-2019 05:40:15 UTC] PHP Fatal error:  Uncaught ErrorException: file_put_contents(/usr/share/nginx/html/test_gitlab/storage/framework/views/e52999ea4ce6327b9614918e4c10bc96b8ae074d.php): failed to open stream: Permission denied in /usr/share/nginx/html/test_gitlab/vendor/laravel/framework/src/Illuminate/Filesystem/Filesystem.php:122
Stack trace:
#0 [internal function]: Illuminate\Foundation\Bootstrap\HandleExceptions->handleError(2, 'file_put_conten...', '/usr/share/ngin...', 122, Array)
#1 /usr/share/nginx/html/test_gitlab/vendor/laravel/framework/src/Illuminate/Filesystem/Filesystem.php(122): file_put_contents('/usr/share/ngin...', '<?php $__env->s...', 0)
#2 /usr/share/nginx/html/test_gitlab/vendor/laravel/framework/src/Illuminate/View/Compilers/BladeCompiler.php(140): Illuminate\Filesystem\Filesystem->put('/usr/share/ngin...', '<?php $__env->s...')
#3 /usr/share/nginx/html/test_gitlab/vendor/laravel/framework/src/Illuminate/View/Engines/CompilerEngine.php(51): Illuminate\View\Compilers\BladeCompiler->compile('/usr/share/ngin...')
#4 /usr/share in /usr/share/nginx/html/test_gitlab/vendor/laravel/framework/src/Illuminate/Filesystem/Filesystem.php on line 122
[11-Oct-2019 05:40:15 UTC] PHP Fatal error:  Uncaught ErrorException: file_put_contents(/usr/share/nginx/html/test_gitlab/storage/framework/views/e52999ea4ce6327b9614918e4c10bc96b8ae074d.php): failed to open stream: Permission denied in /usr/share/nginx/html/test_gitlab/vendor/laravel/framework/src/Illuminate/Filesystem/Filesystem.php:122
Stack trace:
#0 [internal function]: Illuminate\Foundation\Bootstrap\HandleExceptions->handleError(2, 'file_put_conten...', '/usr/share/ngin...', 122, Array)
#1 /usr/share/nginx/html/test_gitlab/vendor/laravel/framework/src/Illuminate/Filesystem/Filesystem.php(122): file_put_contents('/usr/share/ngin...', '<?php $__env->s...', 0)
#2 /usr/share/nginx/html/test_gitlab/vendor/laravel/framework/src/Illuminate/View/Compilers/BladeCompiler.php(140): Illuminate\Filesystem\Filesystem->put('/usr/share/ngin...', '<?php $__env->s...')
#3 /usr/share/nginx/html/test_gitlab/vendor/laravel/framework/src/Illuminate/View/Engines/CompilerEngine.php(51): Illuminate\View\Compilers\BladeCompiler->compile('/usr/share/ngin...')
#4 /usr/share in /usr/share/nginx/html/test_gitlab/vendor/laravel/framework/src/Illuminate/Filesystem/Filesystem.php on line 122
[11-Oct-2019 05:40:17 UTC] PHP Fatal error:  Uncaught ErrorException: file_put_contents(/usr/share/nginx/html/test_gitlab/storage/framework/views/e52999ea4ce6327b9614918e4c10bc96b8ae074d.php): failed to open stream: Permission denied in /usr/share/nginx/html/test_gitlab/vendor/laravel/framework/src/Illuminate/Filesystem/Filesystem.php:122
Stack trace:
#0 [internal function]: Illuminate\Foundation\Bootstrap\HandleExceptions->handleError(2, 'file_put_conten...', '/usr/share/ngin...', 122, Array)
#1 /usr/share/nginx/html/test_gitlab/vendor/laravel/framework/src/Illuminate/Filesystem/Filesystem.php(122): file_put_contents('/usr/share/ngin...', '<?php $__env->s...', 0)
#2 /usr/share/nginx/html/test_gitlab/vendor/laravel/framework/src/Illuminate/View/Compilers/BladeCompiler.php(140): Illuminate\Filesystem\Filesystem->put('/usr/share/ngin...', '<?php $__env->s...')
#3 /usr/share/nginx/html/test_gitlab/vendor/laravel/framework/src/Illuminate/View/Engines/CompilerEngine.php(51): Illuminate\View\Compilers\BladeCompiler->compile('/usr/share/ngin...')
#4 /usr/share in /usr/share/nginx/html/test_gitlab/vendor/laravel/framework/src/Illuminate/Filesystem/Filesystem.php on line 122
[11-Oct-2019 05:40:17 UTC] PHP Fatal error:  Uncaught ErrorException: file_put_contents(/usr/share/nginx/html/test_gitlab/storage/framework/views/e52999ea4ce6327b9614918e4c10bc96b8ae074d.php): failed to open stream: Permission denied in /usr/share/nginx/html/test_gitlab/vendor/laravel/framework/src/Illuminate/Filesystem/Filesystem.php:122
Stack trace:
#0 [internal function]: Illuminate\Foundation\Bootstrap\HandleExceptions->handleError(2, 'file_put_conten...', '/usr/share/ngin...', 122, Array)
#1 /usr/share/nginx/html/test_gitlab/vendor/laravel/framework/src/Illuminate/Filesystem/Filesystem.php(122): file_put_contents('/usr/share/ngin...', '<?php $__env->s...', 0)
#2 /usr/share/nginx/html/test_gitlab/vendor/laravel/framework/src/Illuminate/View/Compilers/BladeCompiler.php(140): Illuminate\Filesystem\Filesystem->put('/usr/share/ngin...', '<?php $__env->s...')
#3 /usr/share/nginx/html/test_gitlab/vendor/laravel/framework/src/Illuminate/View/Engines/CompilerEngine.php(51): Illuminate\View\Compilers\BladeCompiler->compile('/usr/share/ngin...')
#4 /usr/share in /usr/share/nginx/html/test_gitlab/vendor/laravel/framework/src/Illuminate/Filesystem/Filesystem.php on line 122
[11-Oct-2019 05:42:52 UTC] PHP Fatal error:  Uncaught ErrorException: file_put_contents(/usr/share/nginx/html/test_gitlab/storage/framework/views/e52999ea4ce6327b9614918e4c10bc96b8ae074d.php): failed to open stream: Permission denied in /usr/share/nginx/html/test_gitlab/vendor/laravel/framework/src/Illuminate/Filesystem/Filesystem.php:122
Stack trace:
#0 [internal function]: Illuminate\Foundation\Bootstrap\HandleExceptions->handleError(2, 'file_put_conten...', '/usr/share/ngin...', 122, Array)
#1 /usr/share/nginx/html/test_gitlab/vendor/laravel/framework/src/Illuminate/Filesystem/Filesystem.php(122): file_put_contents('/usr/share/ngin...', '<?php $__env->s...', 0)
#2 /usr/share/nginx/html/test_gitlab/vendor/laravel/framework/src/Illuminate/View/Compilers/BladeCompiler.php(140): Illuminate\Filesystem\Filesystem->put('/usr/share/ngin...', '<?php $__env->s...')
#3 /usr/share/nginx/html/test_gitlab/vendor/laravel/framework/src/Illuminate/View/Engines/CompilerEngine.php(51): Illuminate\View\Compilers\BladeCompiler->compile('/usr/share/ngin...')
#4 /usr/share in /usr/share/nginx/html/test_gitlab/vendor/laravel/framework/src/Illuminate/Filesystem/Filesystem.php on line 122
[11-Oct-2019 05:42:52 UTC] PHP Fatal error:  Uncaught ErrorException: file_put_contents(/usr/share/nginx/html/test_gitlab/storage/framework/views/e52999ea4ce6327b9614918e4c10bc96b8ae074d.php): failed to open stream: Permission denied in /usr/share/nginx/html/test_gitlab/vendor/laravel/framework/src/Illuminate/Filesystem/Filesystem.php:122
Stack trace:
#0 [internal function]: Illuminate\Foundation\Bootstrap\HandleExceptions->handleError(2, 'file_put_conten...', '/usr/share/ngin...', 122, Array)
#1 /usr/share/nginx/html/test_gitlab/vendor/laravel/framework/src/Illuminate/Filesystem/Filesystem.php(122): file_put_contents('/usr/share/ngin...', '<?php $__env->s...', 0)
#2 /usr/share/nginx/html/test_gitlab/vendor/laravel/framework/src/Illuminate/View/Compilers/BladeCompiler.php(140): Illuminate\Filesystem\Filesystem->put('/usr/share/ngin...', '<?php $__env->s...')
#3 /usr/share/nginx/html/test_gitlab/vendor/laravel/framework/src/Illuminate/View/Engines/CompilerEngine.php(51): Illuminate\View\Compilers\BladeCompiler->compile('/usr/share/ngin...')
#4 /usr/share in /usr/share/nginx/html/test_gitlab/vendor/laravel/framework/src/Illuminate/Filesystem/Filesystem.php on line 122
[11-Oct-2019 05:42:54 UTC] PHP Fatal error:  Uncaught ErrorException: file_put_contents(/usr/share/nginx/html/test_gitlab/storage/framework/views/e52999ea4ce6327b9614918e4c10bc96b8ae074d.php): failed to open stream: Permission denied in /usr/share/nginx/html/test_gitlab/vendor/laravel/framework/src/Illuminate/Filesystem/Filesystem.php:122
Stack trace:
#0 [internal function]: Illuminate\Foundation\Bootstrap\HandleExceptions->handleError(2, 'file_put_conten...', '/usr/share/ngin...', 122, Array)
#1 /usr/share/nginx/html/test_gitlab/vendor/laravel/framework/src/Illuminate/Filesystem/Filesystem.php(122): file_put_contents('/usr/share/ngin...', '<?php $__env->s...', 0)
#2 /usr/share/nginx/html/test_gitlab/vendor/laravel/framework/src/Illuminate/View/Compilers/BladeCompiler.php(140): Illuminate\Filesystem\Filesystem->put('/usr/share/ngin...', '<?php $__env->s...')
#3 /usr/share/nginx/html/test_gitlab/vendor/laravel/framework/src/Illuminate/View/Engines/CompilerEngine.php(51): Illuminate\View\Compilers\BladeCompiler->compile('/usr/share/ngin...')
#4 /usr/share in /usr/share/nginx/html/test_gitlab/vendor/laravel/framework/src/Illuminate/Filesystem/Filesystem.php on line 122
[11-Oct-2019 05:42:54 UTC] PHP Fatal error:  Uncaught ErrorException: file_put_contents(/usr/share/nginx/html/test_gitlab/storage/framework/views/e52999ea4ce6327b9614918e4c10bc96b8ae074d.php): failed to open stream: Permission denied in /usr/share/nginx/html/test_gitlab/vendor/laravel/framework/src/Illuminate/Filesystem/Filesystem.php:122
Stack trace:
#0 [internal function]: Illuminate\Foundation\Bootstrap\HandleExceptions->handleError(2, 'file_put_conten...', '/usr/share/ngin...', 122, Array)
#1 /usr/share/nginx/html/test_gitlab/vendor/laravel/framework/src/Illuminate/Filesystem/Filesystem.php(122): file_put_contents('/usr/share/ngin...', '<?php $__env->s...', 0)
#2 /usr/share/nginx/html/test_gitlab/vendor/laravel/framework/src/Illuminate/View/Compilers/BladeCompiler.php(140): Illuminate\Filesystem\Filesystem->put('/usr/share/ngin...', '<?php $__env->s...')
#3 /usr/share/nginx/html/test_gitlab/vendor/laravel/framework/src/Illuminate/View/Engines/CompilerEngine.php(51): Illuminate\View\Compilers\BladeCompiler->compile('/usr/share/ngin...')
#4 /usr/share in /usr/share/nginx/html/test_gitlab/vendor/laravel/framework/src/Illuminate/Filesystem/Filesystem.php on line 122
[11-Oct-2019 05:43:08 UTC] PHP Fatal error:  Uncaught ErrorException: file_put_contents(/usr/share/nginx/html/test_gitlab/storage/framework/views/e52999ea4ce6327b9614918e4c10bc96b8ae074d.php): failed to open stream: Permission denied in /usr/share/nginx/html/test_gitlab/vendor/laravel/framework/src/Illuminate/Filesystem/Filesystem.php:122
Stack trace:
#0 [internal function]: Illuminate\Foundation\Bootstrap\HandleExceptions->handleError(2, 'file_put_conten...', '/usr/share/ngin...', 122, Array)
#1 /usr/share/nginx/html/test_gitlab/vendor/laravel/framework/src/Illuminate/Filesystem/Filesystem.php(122): file_put_contents('/usr/share/ngin...', '<?php $__env->s...', 0)
#2 /usr/share/nginx/html/test_gitlab/vendor/laravel/framework/src/Illuminate/View/Compilers/BladeCompiler.php(140): Illuminate\Filesystem\Filesystem->put('/usr/share/ngin...', '<?php $__env->s...')
#3 /usr/share/nginx/html/test_gitlab/vendor/laravel/framework/src/Illuminate/View/Engines/CompilerEngine.php(51): Illuminate\View\Compilers\BladeCompiler->compile('/usr/share/ngin...')
#4 /usr/share in /usr/share/nginx/html/test_gitlab/vendor/laravel/framework/src/Illuminate/Filesystem/Filesystem.php on line 122
[11-Oct-2019 05:43:08 UTC] PHP Fatal error:  Uncaught ErrorException: file_put_contents(/usr/share/nginx/html/test_gitlab/storage/framework/views/e52999ea4ce6327b9614918e4c10bc96b8ae074d.php): failed to open stream: Permission denied in /usr/share/nginx/html/test_gitlab/vendor/laravel/framework/src/Illuminate/Filesystem/Filesystem.php:122
Stack trace:
#0 [internal function]: Illuminate\Foundation\Bootstrap\HandleExceptions->handleError(2, 'file_put_conten...', '/usr/share/ngin...', 122, Array)
#1 /usr/share/nginx/html/test_gitlab/vendor/laravel/framework/src/Illuminate/Filesystem/Filesystem.php(122): file_put_contents('/usr/share/ngin...', '<?php $__env->s...', 0)
#2 /usr/share/nginx/html/test_gitlab/vendor/laravel/framework/src/Illuminate/View/Compilers/BladeCompiler.php(140): Illuminate\Filesystem\Filesystem->put('/usr/share/ngin...', '<?php $__env->s...')
#3 /usr/share/nginx/html/test_gitlab/vendor/laravel/framework/src/Illuminate/View/Engines/CompilerEngine.php(51): Illuminate\View\Compilers\BladeCompiler->compile('/usr/share/ngin...')
#4 /usr/share in /usr/share/nginx/html/test_gitlab/vendor/laravel/framework/src/Illuminate/Filesystem/Filesystem.php on line 122
[12-Oct-2019 02:15:18 UTC] PHP Warning:  include_once(PHP/CodeSniffer/autoload.php): failed to open stream: No such file or directory in /usr/bin/phpcs on line 14
[12-Oct-2019 02:15:18 UTC] PHP Warning:  include_once(): Failed opening 'PHP/CodeSniffer/autoload.php' for inclusion (include_path='.:/usr/local/lib/php') in /usr/bin/phpcs on line 14
[12-Oct-2019 02:15:18 UTC] PHP Fatal error:  Uncaught Error: Class 'PHP_CodeSniffer\Runner' not found in /usr/bin/phpcs:17
Stack trace:
#0 {main}
  thrown in /usr/bin/phpcs on line 17
[01-Nov-2019 08:20:11 UTC] PHP Warning:  require_once(/usr/share/nginx/html/swoft_http/vendor/autoload.php): failed to open stream: No such file or directory in /usr/share/nginx/html/swoft_http/bin/bootstrap.php on line 3
[01-Nov-2019 08:20:11 UTC] PHP Fatal error:  require_once(): Failed opening required '/usr/share/nginx/html/swoft_http/vendor/autoload.php' (include_path='.:/usr/local/lib/php') in /usr/share/nginx/html/swoft_http/bin/bootstrap.php on line 3
[12-Nov-2019 11:46:07 UTC] PHP Fatal error:  Uncaught PHPUnit\Runner\Exception: Class 'tests/ExampleTest' could not be found in '/usr/share/nginx/html/newciprun/tests/ExampleTest.php'. in phar:///usr/bin/phpunit/phpunit/Runner/StandardTestSuiteLoader.php:94
Stack trace:
#0 phar:///usr/bin/phpunit/phpunit/Runner/BaseTestRunner.php(113): PHPUnit\Runner\StandardTestSuiteLoader->load('tests/ExampleTe...', '/usr/share/ngin...')
#1 phar:///usr/bin/phpunit/phpunit/Runner/BaseTestRunner.php(85): PHPUnit\Runner\BaseTestRunner->loadSuiteClass('tests/ExampleTe...', '/usr/share/ngin...')
#2 phar:///usr/bin/phpunit/phpunit/TextUI/Command.php(78): PHPUnit\Runner\BaseTestRunner->getTest('tests/ExampleTe...', '/usr/share/ngin...', Array)
#3 phar:///usr/bin/phpunit/phpunit/TextUI/Command.php(66): PHPUnit\TextUI\Command->run(Array, true)
#4 /usr/bin/phpunit(647): PHPUnit\TextUI\Command::main()
#5 {main}
  thrown in phar:///usr/bin/phpunit/phpunit/Runner/StandardTestSuiteLoader.php on line 94
[12-Nov-2019 11:46:33 UTC] PHP Fatal error:  Uncaught PHPUnit\Runner\Exception: Class 'tests/ExampleTest' could not be found in '/usr/share/nginx/html/newciprun/tests/ExampleTest.php'. in phar:///usr/bin/phpunit/phpunit/Runner/StandardTestSuiteLoader.php:94
Stack trace:
#0 phar:///usr/bin/phpunit/phpunit/Runner/BaseTestRunner.php(113): PHPUnit\Runner\StandardTestSuiteLoader->load('tests/ExampleTe...', '/usr/share/ngin...')
#1 phar:///usr/bin/phpunit/phpunit/Runner/BaseTestRunner.php(85): PHPUnit\Runner\BaseTestRunner->loadSuiteClass('tests/ExampleTe...', '/usr/share/ngin...')
#2 phar:///usr/bin/phpunit/phpunit/TextUI/Command.php(78): PHPUnit\Runner\BaseTestRunner->getTest('tests/ExampleTe...', '/usr/share/ngin...', Array)
#3 phar:///usr/bin/phpunit/phpunit/TextUI/Command.php(66): PHPUnit\TextUI\Command->run(Array, true)
#4 /usr/bin/phpunit(647): PHPUnit\TextUI\Command::main()
#5 {main}
  thrown in phar:///usr/bin/phpunit/phpunit/Runner/StandardTestSuiteLoader.php on line 94
[12-Nov-2019 11:49:55 UTC] PHP Deprecated:  The each() function is deprecated. This message will be suppressed on further calls in /usr/share/nginx/html/newciprun/vendor/phpunit/phpunit/src/Util/Getopt.php on line 45
[12-Nov-2019 11:49:55 UTC] PHP Stack trace:
[12-Nov-2019 11:49:55 UTC] PHP   1. {main}() /usr/share/nginx/html/newciprun/vendor/phpunit/phpunit/phpunit:0
[12-Nov-2019 11:49:55 UTC] PHP   2. PHPUnit_TextUI_Command::main() /usr/share/nginx/html/newciprun/vendor/phpunit/phpunit/phpunit:36
[12-Nov-2019 11:49:55 UTC] PHP   3. PHPUnit_TextUI_Command->run() /usr/share/nginx/html/newciprun/vendor/phpunit/phpunit/src/TextUI/Command.php:105
[12-Nov-2019 11:49:55 UTC] PHP   4. PHPUnit_TextUI_Command->handleArguments() /usr/share/nginx/html/newciprun/vendor/phpunit/phpunit/src/TextUI/Command.php:115
[12-Nov-2019 11:49:55 UTC] PHP   5. PHPUnit_Util_Getopt::getopt() /usr/share/nginx/html/newciprun/vendor/phpunit/phpunit/src/TextUI/Command.php:240
[12-Nov-2019 11:49:55 UTC] PHP   6. each() /usr/share/nginx/html/newciprun/vendor/phpunit/phpunit/src/Util/Getopt.php:45
[12-Nov-2019 12:05:37 UTC] PHP Fatal error:  Uncaught PHPUnit\Runner\Exception: Class 'tests/ExampleTest' could not be found in '/usr/share/nginx/html/newciprun/tests/ExampleTest.php'. in phar:///usr/bin/phpunit/phpunit/Runner/StandardTestSuiteLoader.php:94
Stack trace:
#0 phar:///usr/bin/phpunit/phpunit/Runner/BaseTestRunner.php(113): PHPUnit\Runner\StandardTestSuiteLoader->load('tests/ExampleTe...', '/usr/share/ngin...')
#1 phar:///usr/bin/phpunit/phpunit/Runner/BaseTestRunner.php(85): PHPUnit\Runner\BaseTestRunner->loadSuiteClass('tests/ExampleTe...', '/usr/share/ngin...')
#2 phar:///usr/bin/phpunit/phpunit/TextUI/Command.php(78): PHPUnit\Runner\BaseTestRunner->getTest('tests/ExampleTe...', '/usr/share/ngin...', Array)
#3 phar:///usr/bin/phpunit/phpunit/TextUI/Command.php(66): PHPUnit\TextUI\Command->run(Array, true)
#4 /usr/bin/phpunit(647): PHPUnit\TextUI\Command::main()
#5 {main}
  thrown in phar:///usr/bin/phpunit/phpunit/Runner/StandardTestSuiteLoader.php on line 94
[12-Nov-2019 12:11:40 UTC] PHP Fatal error:  Uncaught PHPUnit\Runner\Exception: Class 'tests/ExampleTest' could not be found in '/usr/share/nginx/html/newciprun/tests/ExampleTest.php'. in phar:///usr/bin/phpunit/phpunit/Runner/StandardTestSuiteLoader.php:94
Stack trace:
#0 phar:///usr/bin/phpunit/phpunit/Runner/BaseTestRunner.php(113): PHPUnit\Runner\StandardTestSuiteLoader->load('tests/ExampleTe...', '/usr/share/ngin...')
#1 phar:///usr/bin/phpunit/phpunit/Runner/BaseTestRunner.php(85): PHPUnit\Runner\BaseTestRunner->loadSuiteClass('tests/ExampleTe...', '/usr/share/ngin...')
#2 phar:///usr/bin/phpunit/phpunit/TextUI/Command.php(78): PHPUnit\Runner\BaseTestRunner->getTest('tests/ExampleTe...', '/usr/share/ngin...', Array)
#3 phar:///usr/bin/phpunit/phpunit/TextUI/Command.php(66): PHPUnit\TextUI\Command->run(Array, true)
#4 /usr/bin/phpunit(647): PHPUnit\TextUI\Command::main()
#5 {main}
  thrown in phar:///usr/bin/phpunit/phpunit/Runner/StandardTestSuiteLoader.php on line 94
[12-Nov-2019 12:12:29 UTC] PHP Deprecated:  The each() function is deprecated. This message will be suppressed on further calls in /usr/share/nginx/html/newciprun/vendor/phpunit/phpunit/src/Util/Getopt.php on line 45
[12-Nov-2019 12:12:29 UTC] PHP Stack trace:
[12-Nov-2019 12:12:29 UTC] PHP   1. {main}() /usr/share/nginx/html/newciprun/vendor/phpunit/phpunit/phpunit:0
[12-Nov-2019 12:12:29 UTC] PHP   2. PHPUnit_TextUI_Command::main() /usr/share/nginx/html/newciprun/vendor/phpunit/phpunit/phpunit:36
[12-Nov-2019 12:12:29 UTC] PHP   3. PHPUnit_TextUI_Command->run() /usr/share/nginx/html/newciprun/vendor/phpunit/phpunit/src/TextUI/Command.php:105
[12-Nov-2019 12:12:29 UTC] PHP   4. PHPUnit_TextUI_Command->handleArguments() /usr/share/nginx/html/newciprun/vendor/phpunit/phpunit/src/TextUI/Command.php:115
[12-Nov-2019 12:12:29 UTC] PHP   5. PHPUnit_Util_Getopt::getopt() /usr/share/nginx/html/newciprun/vendor/phpunit/phpunit/src/TextUI/Command.php:240
[12-Nov-2019 12:12:29 UTC] PHP   6. each() /usr/share/nginx/html/newciprun/vendor/phpunit/phpunit/src/Util/Getopt.php:45
[13-Nov-2019 01:55:19 UTC] PHP Fatal error:  Uncaught PHPUnit\Runner\Exception: Class 'tests/ExampleTest' could not be found in '/usr/share/nginx/html/newciprun/tests/ExampleTest.php'. in phar:///usr/bin/phpunit/phpunit/Runner/StandardTestSuiteLoader.php:94
Stack trace:
#0 phar:///usr/bin/phpunit/phpunit/Runner/BaseTestRunner.php(113): PHPUnit\Runner\StandardTestSuiteLoader->load('tests/ExampleTe...', '/usr/share/ngin...')
#1 phar:///usr/bin/phpunit/phpunit/Runner/BaseTestRunner.php(85): PHPUnit\Runner\BaseTestRunner->loadSuiteClass('tests/ExampleTe...', '/usr/share/ngin...')
#2 phar:///usr/bin/phpunit/phpunit/TextUI/Command.php(78): PHPUnit\Runner\BaseTestRunner->getTest('tests/ExampleTe...', '/usr/share/ngin...', Array)
#3 phar:///usr/bin/phpunit/phpunit/TextUI/Command.php(66): PHPUnit\TextUI\Command->run(Array, true)
#4 /usr/bin/phpunit(647): PHPUnit\TextUI\Command::main()
#5 {main}
  thrown in phar:///usr/bin/phpunit/phpunit/Runner/StandardTestSuiteLoader.php on line 94
[19-Nov-2019 08:24:01 UTC] PHP Warning:  Swoole\Server::start(): Using Xdebug in coroutines is extremely dangerous, please notice that it may lead to coredump! in /usr/share/nginx/html/test_swoole/http_server.php on line 28
[19-Nov-2019 08:24:01 UTC] PHP Stack trace:
[19-Nov-2019 08:24:01 UTC] PHP   1. {main}() /usr/share/nginx/html/test_swoole/http_server.php:0
[19-Nov-2019 08:24:01 UTC] PHP   2. Swoole\Http\Server->start() /usr/share/nginx/html/test_swoole/http_server.php:28
